[debug] [2025-07-02T14:10:29.382Z] ----------------------------------------------------------------------
[debug] [2025-07-02T14:10:29.386Z] Command:       C:\Program Files\nodejs\node.exe C:\Users\Janith Wijethunga\AppData\Roaming\npm\node_modules\firebase-tools\lib\bin\firebase.js init
[debug] [2025-07-02T14:10:29.387Z] CLI Version:   14.9.0
[debug] [2025-07-02T14:10:29.387Z] Platform:      win32
[debug] [2025-07-02T14:10:29.387Z] Node Version:  v22.17.0
[debug] [2025-07-02T14:10:29.387Z] Time:          Wed Jul 02 2025 19:40:29 GMT+0530 (India Standard Time)
[debug] [2025-07-02T14:10:29.387Z] ----------------------------------------------------------------------
[debug] 
[debug] [2025-07-02T14:10:29.594Z] > command requires scopes: ["email","openid","https://www.googleapis.com/auth/cloudplatformprojects.readonly","https://www.googleapis.com/auth/firebase","https://www.googleapis.com/auth/cloud-platform"]
[debug] [2025-07-02T14:10:29.595Z] > authorizing via signed-in user (janithwijethunga5@gmail.com)
[info] 
     ######## #### ########  ######## ########     ###     ######  ########
     ##        ##  ##     ## ##       ##     ##  ##   ##  ##       ##
     ######    ##  ########  ######   ########  #########  ######  ######
     ##        ##  ##    ##  ##       ##     ## ##     ##       ## ##
     ##       #### ##     ## ######## ########  ##     ##  ######  ########

You're about to initialize a Firebase project in this directory:

  C:\Users\Janith Wijethunga\Documents\GitHub\Portfolio

Before we get started, keep in mind:

  * You are initializing within an existing Firebase project directory

[info] 
=== Project Setup
[info] 
[info] First, let's associate this project directory with a Firebase project.
[info] You can create multiple project aliases by running firebase use --add, 
[info] but for now we'll just set up a default project.
[info] 
[debug] [2025-07-02T14:11:28.138Z] Using project from CLI flag: janith-wijethunga
[debug] [2025-07-02T14:11:28.139Z] Checked if tokens are valid: true, expires at: 1751468994362
[debug] [2025-07-02T14:11:28.140Z] Checked if tokens are valid: true, expires at: 1751468994362
[debug] [2025-07-02T14:11:28.141Z] >>> [apiv2][query] GET https://firebase.googleapis.com/v1beta1/projects/janith-wijethunga [none]
[debug] [2025-07-02T14:11:28.994Z] <<< [apiv2][status] GET https://firebase.googleapis.com/v1beta1/projects/janith-wijethunga 200
[debug] [2025-07-02T14:11:28.995Z] <<< [apiv2][body] GET https://firebase.googleapis.com/v1beta1/projects/janith-wijethunga {"projectId":"janith-wijethunga","projectNumber":"1075348747433","displayName":"Janith Wijethunga","name":"projects/janith-wijethunga","resources":{"hostingSite":"janith-wijethunga"},"state":"ACTIVE","etag":"1_5925419c-8457-4bb3-bd80-7816550c0d5a"}
[info] i  Using project janith-wijethunga (Janith Wijethunga) 
[info] 
=== Hosting Setup
[debug] [2025-07-02T14:11:29.001Z] Checked if tokens are valid: true, expires at: 1751468994362
[debug] [2025-07-02T14:11:29.001Z] Checked if tokens are valid: true, expires at: 1751468994362
[debug] [2025-07-02T14:11:29.002Z] >>> [apiv2][query] GET https://firebase.googleapis.com/v1beta1/projects/janith-wijethunga [none]
[debug] [2025-07-02T14:11:29.760Z] <<< [apiv2][status] GET https://firebase.googleapis.com/v1beta1/projects/janith-wijethunga 200
[debug] [2025-07-02T14:11:29.760Z] <<< [apiv2][body] GET https://firebase.googleapis.com/v1beta1/projects/janith-wijethunga {"projectId":"janith-wijethunga","projectNumber":"1075348747433","displayName":"Janith Wijethunga","name":"projects/janith-wijethunga","resources":{"hostingSite":"janith-wijethunga"},"state":"ACTIVE","etag":"1_5925419c-8457-4bb3-bd80-7816550c0d5a"}
[info] 
[info] Your public directory is the folder (relative to your project directory) that
[info] will contain Hosting assets to be uploaded with firebase deploy. If you
[info] have a build process for your assets, use your build's output directory.
[info] 
[debug] [2025-07-02T14:12:02.233Z] >>> [apiv2][query] GET https://www.gstatic.com/firebasejs/releases.json [none]
[debug] [2025-07-02T14:12:04.599Z] <<< [apiv2][status] GET https://www.gstatic.com/firebasejs/releases.json 200
[debug] [2025-07-02T14:12:04.599Z] <<< [apiv2][body] GET https://www.gstatic.com/firebasejs/releases.json {"current":{"version":"11.10.0","browserURL":"https://www.gstatic.com/firebasejs/11.10.0/firebase.js","packageURL":"https://www.gstatic.com/firebasejs/11.10.0/firebase.tgz"},"live":{"version":"11.10","browserURL":"https://www.gstatic.com/firebasejs/live/11.10/firebase.js","packageURL":"https://www.gstatic.com/firebasejs/live/11.10/firebase.tgz"},"components":{"ai":"https://www.gstatic.com/firebasejs/11.10.0/firebase-ai.js","analytics":"https://www.gstatic.com/firebasejs/11.10.0/firebase-analytics.js","app":"https://www.gstatic.com/firebasejs/11.10.0/firebase-app.js","app-check":"https://www.gstatic.com/firebasejs/11.10.0/firebase-app-check.js","auth":"https://www.gstatic.com/firebasejs/11.10.0/firebase-auth.js","auth/cordova":"https://www.gstatic.com/firebasejs/11.10.0/firebase-auth/cordova.js","auth/web-extension":"https://www.gstatic.com/firebasejs/11.10.0/firebase-auth/web-extension.js","functions":"https://www.gstatic.com/firebasejs/11.10.0/firebase-functions.js","firestore":"https://www.gstatic.com/firebasejs/11.10.0/firebase-firestore.js","firestore/lite":"https://www.gstatic.com/firebasejs/11.10.0/firebase-firestore/lite.js","installations":"https://www.gstatic.com/firebasejs/11.10.0/firebase-installations.js","storage":"https://www.gstatic.com/firebasejs/11.10.0/firebase-storage.js","performance":"https://www.gstatic.com/firebasejs/11.10.0/firebase-performance.js","remote-config":"https://www.gstatic.com/firebasejs/11.10.0/firebase-remote-config.js","messaging":"https://www.gstatic.com/firebasejs/11.10.0/firebase-messaging.js","messaging/sw":"https://www.gstatic.com/firebasejs/11.10.0/firebase-messaging/sw.js","database":"https://www.gstatic.com/firebasejs/11.10.0/firebase-database.js","vertexai":"https://www.gstatic.com/firebasejs/11.10.0/firebase-vertexai.js","data-connect":"https://www.gstatic.com/firebasejs/11.10.0/firebase-data-connect.js","firestore.memory":"https://www.gstatic.com/firebasejs/11.10.0/firebase-firestore.memory.js"}}
[info] +  Wrote y/index.html 
[info] 
[info] i  Detected a .git folder at C:\Users\Janith Wijethunga\Documents\GitHub\Portfolio 
[info] i  Authorizing with GitHub to upload your service account to a GitHub repository's secrets store. 
[info] 
[info] Visit this URL on this device to log in:
[info] https://github.com/login/oauth/authorize?client_id=89cf50f02ac6aaed3484&state=1050382096&redirect_uri=http%3A%2F%2Flocalhost%3A9005&scope=read%3Auser%20repo%20public_repo
[info] 
[info] Waiting for authentication...
[debug] [2025-07-02T14:12:22.251Z] >>> [apiv2][query] POST https://github.com/login/oauth/access_token [none]
[debug] [2025-07-02T14:12:22.251Z] >>> [apiv2][body] POST https://github.com/login/oauth/access_token [stream]
[debug] [2025-07-02T14:12:22.903Z] <<< [apiv2][status] POST https://github.com/login/oauth/access_token 200
[debug] [2025-07-02T14:12:22.903Z] <<< [apiv2][body] POST https://github.com/login/oauth/access_token {"access_token":"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","token_type":"bearer","scope":"read:user,repo"}
[debug] [2025-07-02T14:12:22.910Z] >>> [apiv2][query] GET https://api.github.com/user [none]
[debug] [2025-07-02T14:12:23.518Z] <<< [apiv2][status] GET https://api.github.com/user 200
[debug] [2025-07-02T14:12:23.518Z] <<< [apiv2][body] GET https://api.github.com/user {"login":"janithwijethunga","id":158453409,"node_id":"U_kgDOCXHOoQ","avatar_url":"https://avatars.githubusercontent.com/u/158453409?v=4","gravatar_id":"","url":"https://api.github.com/users/janithwijethunga","html_url":"https://github.com/janithwijethunga","followers_url":"https://api.github.com/users/janithwijethunga/followers","following_url":"https://api.github.com/users/janithwijethunga/following{/other_user}","gists_url":"https://api.github.com/users/janithwijethunga/gists{/gist_id}","starred_url":"https://api.github.com/users/janithwijethunga/starred{/owner}{/repo}","subscriptions_url":"https://api.github.com/users/janithwijethunga/subscriptions","organizations_url":"https://api.github.com/users/janithwijethunga/orgs","repos_url":"https://api.github.com/users/janithwijethunga/repos","events_url":"https://api.github.com/users/janithwijethunga/events{/privacy}","received_events_url":"https://api.github.com/users/janithwijethunga/received_events","type":"User","user_view_type":"private","site_admin":false,"name":"Janith Wijethunga","company":"a","blog":"","location":null,"email":null,"hireable":null,"bio":null,"twitter_username":null,"notification_email":null,"public_repos":12,"public_gists":0,"followers":12,"following":14,"created_at":"2024-02-01T09:04:50Z","updated_at":"2025-07-01T04:04:04Z","private_gists":0,"total_private_repos":2,"owned_private_repos":2,"disk_usage":114702,"collaborators":1,"two_factor_authentication":true,"plan":{"name":"pro","space":976562499,"collaborators":0,"private_repos":9999}}
[info] 
[info] +  Success! Logged into GitHub as janithwijethunga 
[info] 
[debug] [2025-07-02T14:12:29.100Z] >>> [apiv2][query] GET https://api.github.com/repos/y/actions/secrets/public-key type=owner
[debug] [2025-07-02T14:12:29.922Z] <<< [apiv2][status] GET https://api.github.com/repos/y/actions/secrets/public-key 404
[debug] [2025-07-02T14:12:29.922Z] <<< [apiv2][body] GET https://api.github.com/repos/y/actions/secrets/public-key {"message":"Not Found","documentation_url":"https://docs.github.com/rest","status":"404"}
[info] 
[info] 
[error] !  The provided authorization cannot be used with this repository. If this repository is in an organization, did you remember to grant access? 
[info] 
[info] i  Action required: Visit this URL to ensure access has been granted to the appropriate organization(s) for the Firebase CLI GitHub OAuth App: 
[info] https://github.com/settings/connections/applications/89cf50f02ac6aaed3484
[info] 
[debug] [2025-07-02T14:12:37.691Z] >>> [apiv2][query] GET https://api.github.com/repos/./actions/secrets/public-key type=owner
[debug] [2025-07-02T14:12:38.590Z] <<< [apiv2][status] GET https://api.github.com/repos/./actions/secrets/public-key 404
[debug] [2025-07-02T14:12:38.591Z] <<< [apiv2][body] GET https://api.github.com/repos/./actions/secrets/public-key {"message":"Not Found","documentation_url":"https://docs.github.com/rest","status":"404"}
[info] 
[info] 
[error] !  The provided authorization cannot be used with this repository. If this repository is in an organization, did you remember to grant access? 
[info] 
[info] i  Action required: Visit this URL to ensure access has been granted to the appropriate organization(s) for the Firebase CLI GitHub OAuth App: 
[info] https://github.com/settings/connections/applications/89cf50f02ac6aaed3484
[info] 
[debug] [2025-07-02T14:13:00.078Z] >>> [apiv2][query] GET https://api.github.com/repos/janith-wijethunga/actions/secrets/public-key type=owner
[debug] [2025-07-02T14:13:01.276Z] <<< [apiv2][status] GET https://api.github.com/repos/janith-wijethunga/actions/secrets/public-key 404
[debug] [2025-07-02T14:13:01.276Z] <<< [apiv2][body] GET https://api.github.com/repos/janith-wijethunga/actions/secrets/public-key {"message":"Not Found","documentation_url":"https://docs.github.com/rest","status":"404"}
[info] 
[info] 
[error] !  The provided authorization cannot be used with this repository. If this repository is in an organization, did you remember to grant access? 
[info] 
[info] i  Action required: Visit this URL to ensure access has been granted to the appropriate organization(s) for the Firebase CLI GitHub OAuth App: 
[info] https://github.com/settings/connections/applications/89cf50f02ac6aaed3484
[info] 
[debug] [2025-07-02T14:13:09.823Z] >>> [apiv2][query] GET https://api.github.com/repos/janith-wijethungaportfolio/actions/secrets/public-key type=owner
[debug] [2025-07-02T14:13:11.265Z] <<< [apiv2][status] GET https://api.github.com/repos/janith-wijethungaportfolio/actions/secrets/public-key 404
[debug] [2025-07-02T14:13:11.266Z] <<< [apiv2][body] GET https://api.github.com/repos/janith-wijethungaportfolio/actions/secrets/public-key {"message":"Not Found","documentation_url":"https://docs.github.com/rest","status":"404"}
[info] 
[info] 
[error] !  The provided authorization cannot be used with this repository. If this repository is in an organization, did you remember to grant access? 
[info] 
[info] i  Action required: Visit this URL to ensure access has been granted to the appropriate organization(s) for the Firebase CLI GitHub OAuth App: 
[info] https://github.com/settings/connections/applications/89cf50f02ac6aaed3484
[info] 
[debug] [2025-07-02T14:13:17.728Z] >>> [apiv2][query] GET https://api.github.com/repos/portfolio/actions/secrets/public-key type=owner
[debug] [2025-07-02T14:13:18.393Z] <<< [apiv2][status] GET https://api.github.com/repos/portfolio/actions/secrets/public-key 404
[debug] [2025-07-02T14:13:18.393Z] <<< [apiv2][body] GET https://api.github.com/repos/portfolio/actions/secrets/public-key {"message":"Not Found","documentation_url":"https://docs.github.com/rest","status":"404"}
[info] 
[info] 
[error] !  The provided authorization cannot be used with this repository. If this repository is in an organization, did you remember to grant access? 
[info] 
[info] i  Action required: Visit this URL to ensure access has been granted to the appropriate organization(s) for the Firebase CLI GitHub OAuth App: 
[info] https://github.com/settings/connections/applications/89cf50f02ac6aaed3484
[info] 
[debug] [2025-07-02T14:13:21.359Z] ExitPromptError: User force closed the prompt with SIGINT
    at Interface.sigint (C:\Users\Janith Wijethunga\AppData\Roaming\npm\node_modules\firebase-tools\node_modules\@inquirer\core\dist\commonjs\lib\create-prompt.js:101:37)
    at Interface.emit (node:events:518:28)
    at Interface.emit (node:domain:489:12)
    at [_ttyWrite] [as _ttyWrite] (node:internal/readline/interface:1132:18)
    at ReadStream.onkeypress (node:internal/readline/interface:271:20)
    at ReadStream.emit (node:events:530:35)
    at ReadStream.emit (node:domain:489:12)
    at emitKeys (node:internal/readline/utils:370:14)
    at emitKeys.next (<anonymous>)
    at ReadStream.onData (node:internal/readline/emitKeypressEvents:64:36)
[error] 
[error] Error: An unexpected error has occurred.
[debug] [2025-07-02T14:13:25.044Z] ----------------------------------------------------------------------
[debug] [2025-07-02T14:13:25.046Z] Command:       C:\Program Files\nodejs\node.exe C:\Users\Janith Wijethunga\AppData\Roaming\npm\node_modules\firebase-tools\lib\bin\firebase.js init
[debug] [2025-07-02T14:13:25.046Z] CLI Version:   14.9.0
[debug] [2025-07-02T14:13:25.047Z] Platform:      win32
[debug] [2025-07-02T14:13:25.047Z] Node Version:  v22.17.0
[debug] [2025-07-02T14:13:25.047Z] Time:          Wed Jul 02 2025 19:43:25 GMT+0530 (India Standard Time)
[debug] [2025-07-02T14:13:25.047Z] ----------------------------------------------------------------------
[debug] 
[debug] [2025-07-02T14:13:25.191Z] > command requires scopes: ["email","openid","https://www.googleapis.com/auth/cloudplatformprojects.readonly","https://www.googleapis.com/auth/firebase","https://www.googleapis.com/auth/cloud-platform"]
[debug] [2025-07-02T14:13:25.192Z] > authorizing via signed-in user (janithwijethunga5@gmail.com)
[info] 
     ######## #### ########  ######## ########     ###     ######  ########
     ##        ##  ##     ## ##       ##     ##  ##   ##  ##       ##
     ######    ##  ########  ######   ########  #########  ######  ######
     ##        ##  ##    ##  ##       ##     ## ##     ##       ## ##
     ##       #### ##     ## ######## ########  ##     ##  ######  ########

You're about to initialize a Firebase project in this directory:

  C:\Users\Janith Wijethunga\Documents\GitHub\Portfolio

Before we get started, keep in mind:

  * You are initializing within an existing Firebase project directory

[info] 
=== Project Setup
[info] 
[info] First, let's associate this project directory with a Firebase project.
[info] You can create multiple project aliases by running firebase use --add, 
[info] but for now we'll just set up a default project.
[info] 
[debug] [2025-07-02T14:14:55.883Z] Using project from CLI flag: janith-wijethunga
[debug] [2025-07-02T14:14:55.885Z] Checked if tokens are valid: true, expires at: 1751468994362
[debug] [2025-07-02T14:14:55.885Z] Checked if tokens are valid: true, expires at: 1751468994362
[debug] [2025-07-02T14:14:55.887Z] >>> [apiv2][query] GET https://firebase.googleapis.com/v1beta1/projects/janith-wijethunga [none]
[debug] [2025-07-02T14:14:56.734Z] <<< [apiv2][status] GET https://firebase.googleapis.com/v1beta1/projects/janith-wijethunga 200
[debug] [2025-07-02T14:14:56.734Z] <<< [apiv2][body] GET https://firebase.googleapis.com/v1beta1/projects/janith-wijethunga {"projectId":"janith-wijethunga","projectNumber":"1075348747433","displayName":"Janith Wijethunga","name":"projects/janith-wijethunga","resources":{"hostingSite":"janith-wijethunga"},"state":"ACTIVE","etag":"1_5925419c-8457-4bb3-bd80-7816550c0d5a"}
[info] i  Using project janith-wijethunga (Janith Wijethunga) 
[info] 
=== Hosting Setup
[debug] [2025-07-02T14:14:56.739Z] Checked if tokens are valid: true, expires at: 1751468994362
[debug] [2025-07-02T14:14:56.739Z] Checked if tokens are valid: true, expires at: 1751468994362
[debug] [2025-07-02T14:14:56.739Z] >>> [apiv2][query] GET https://firebase.googleapis.com/v1beta1/projects/janith-wijethunga [none]
[debug] [2025-07-02T14:14:57.411Z] <<< [apiv2][status] GET https://firebase.googleapis.com/v1beta1/projects/janith-wijethunga 200
[debug] [2025-07-02T14:14:57.411Z] <<< [apiv2][body] GET https://firebase.googleapis.com/v1beta1/projects/janith-wijethunga {"projectId":"janith-wijethunga","projectNumber":"1075348747433","displayName":"Janith Wijethunga","name":"projects/janith-wijethunga","resources":{"hostingSite":"janith-wijethunga"},"state":"ACTIVE","etag":"1_5925419c-8457-4bb3-bd80-7816550c0d5a"}
[info] 
[info] Your public directory is the folder (relative to your project directory) that
[info] will contain Hosting assets to be uploaded with firebase deploy. If you
[info] have a build process for your assets, use your build's output directory.
[info] 
[debug] [2025-07-02T14:16:51.987Z] >>> [apiv2][query] GET https://www.gstatic.com/firebasejs/releases.json [none]
[debug] [2025-07-02T14:16:53.855Z] <<< [apiv2][status] GET https://www.gstatic.com/firebasejs/releases.json 200
[debug] [2025-07-02T14:16:53.856Z] <<< [apiv2][body] GET https://www.gstatic.com/firebasejs/releases.json {"current":{"version":"11.10.0","browserURL":"https://www.gstatic.com/firebasejs/11.10.0/firebase.js","packageURL":"https://www.gstatic.com/firebasejs/11.10.0/firebase.tgz"},"live":{"version":"11.10","browserURL":"https://www.gstatic.com/firebasejs/live/11.10/firebase.js","packageURL":"https://www.gstatic.com/firebasejs/live/11.10/firebase.tgz"},"components":{"ai":"https://www.gstatic.com/firebasejs/11.10.0/firebase-ai.js","analytics":"https://www.gstatic.com/firebasejs/11.10.0/firebase-analytics.js","app":"https://www.gstatic.com/firebasejs/11.10.0/firebase-app.js","app-check":"https://www.gstatic.com/firebasejs/11.10.0/firebase-app-check.js","auth":"https://www.gstatic.com/firebasejs/11.10.0/firebase-auth.js","auth/cordova":"https://www.gstatic.com/firebasejs/11.10.0/firebase-auth/cordova.js","auth/web-extension":"https://www.gstatic.com/firebasejs/11.10.0/firebase-auth/web-extension.js","functions":"https://www.gstatic.com/firebasejs/11.10.0/firebase-functions.js","firestore":"https://www.gstatic.com/firebasejs/11.10.0/firebase-firestore.js","firestore/lite":"https://www.gstatic.com/firebasejs/11.10.0/firebase-firestore/lite.js","installations":"https://www.gstatic.com/firebasejs/11.10.0/firebase-installations.js","storage":"https://www.gstatic.com/firebasejs/11.10.0/firebase-storage.js","performance":"https://www.gstatic.com/firebasejs/11.10.0/firebase-performance.js","remote-config":"https://www.gstatic.com/firebasejs/11.10.0/firebase-remote-config.js","messaging":"https://www.gstatic.com/firebasejs/11.10.0/firebase-messaging.js","messaging/sw":"https://www.gstatic.com/firebasejs/11.10.0/firebase-messaging/sw.js","database":"https://www.gstatic.com/firebasejs/11.10.0/firebase-database.js","vertexai":"https://www.gstatic.com/firebasejs/11.10.0/firebase-vertexai.js","data-connect":"https://www.gstatic.com/firebasejs/11.10.0/firebase-data-connect.js","firestore.memory":"https://www.gstatic.com/firebasejs/11.10.0/firebase-firestore.memory.js"}}
[info] +  Wrote dist/index.html 
[info] 
[info] +  Wrote configuration info to firebase.json 
[info] +  Wrote project information to .firebaserc 
[info] 
[info] +  Firebase initialization complete! 
[debug] [2025-07-02T14:17:42.697Z] Error: Timed out.
    at Timeout._onTimeout (C:\Users\Janith Wijethunga\AppData\Roaming\npm\node_modules\firebase-tools\lib\utils.js:267:49)
    at listOnTimeout (node:internal/timers:588:17)
    at process.processTimers (node:internal/timers:523:7)
[error] 
[error] Error: An unexpected error has occurred.
[debug] [2025-07-02T14:18:40.210Z] ----------------------------------------------------------------------
[debug] [2025-07-02T14:18:40.212Z] Command:       C:\Program Files\nodejs\node.exe C:\Users\Janith Wijethunga\AppData\Roaming\npm\node_modules\firebase-tools\lib\bin\firebase.js deploy
[debug] [2025-07-02T14:18:40.212Z] CLI Version:   14.9.0
[debug] [2025-07-02T14:18:40.212Z] Platform:      win32
[debug] [2025-07-02T14:18:40.213Z] Node Version:  v22.17.0
[debug] [2025-07-02T14:18:40.213Z] Time:          Wed Jul 02 2025 19:48:40 GMT+0530 (India Standard Time)
[debug] [2025-07-02T14:18:40.213Z] ----------------------------------------------------------------------
[debug] 
[debug] [2025-07-02T14:18:40.369Z] > command requires scopes: ["email","openid","https://www.googleapis.com/auth/cloudplatformprojects.readonly","https://www.googleapis.com/auth/firebase","https://www.googleapis.com/auth/cloud-platform"]
[debug] [2025-07-02T14:18:40.369Z] > authorizing via signed-in user (janithwijethunga5@gmail.com)
[debug] [2025-07-02T14:18:40.369Z] [iam] checking project janith-wijethunga for permissions ["firebase.projects.get","firebasehosting.sites.update"]
[debug] [2025-07-02T14:18:40.370Z] Checked if tokens are valid: true, expires at: 1751468994362
[debug] [2025-07-02T14:18:40.370Z] Checked if tokens are valid: true, expires at: 1751468994362
[debug] [2025-07-02T14:18:40.371Z] >>> [apiv2][query] POST https://cloudresourcemanager.googleapis.com/v1/projects/janith-wijethunga:testIamPermissions [none]
[debug] [2025-07-02T14:18:40.371Z] >>> [apiv2][(partial)header] POST https://cloudresourcemanager.googleapis.com/v1/projects/janith-wijethunga:testIamPermissions x-goog-quota-user=projects/janith-wijethunga
[debug] [2025-07-02T14:18:40.371Z] >>> [apiv2][body] POST https://cloudresourcemanager.googleapis.com/v1/projects/janith-wijethunga:testIamPermissions {"permissions":["firebase.projects.get","firebasehosting.sites.update"]}
[debug] [2025-07-02T14:18:46.318Z] <<< [apiv2][status] POST https://cloudresourcemanager.googleapis.com/v1/projects/janith-wijethunga:testIamPermissions 200
[debug] [2025-07-02T14:18:46.319Z] <<< [apiv2][body] POST https://cloudresourcemanager.googleapis.com/v1/projects/janith-wijethunga:testIamPermissions {"permissions":["firebase.projects.get","firebasehosting.sites.update"]}
[debug] [2025-07-02T14:18:46.319Z] Checked if tokens are valid: true, expires at: 1751468994362
[debug] [2025-07-02T14:18:46.319Z] Checked if tokens are valid: true, expires at: 1751468994362
[debug] [2025-07-02T14:18:46.319Z] >>> [apiv2][query] GET https://firebase.googleapis.com/v1beta1/projects/janith-wijethunga [none]
[debug] [2025-07-02T14:19:16.331Z] *** [apiv2] error from fetch(https://firebase.googleapis.com/v1beta1/projects/janith-wijethunga, {"headers":{},"method":"GET","signal":{}}): AbortError: The user aborted a request.
[debug] [2025-07-02T14:19:16.332Z] Timeout reached making request to https://firebase.googleapis.com/v1beta1/projects/janith-wijethunga (original: The user aborted a request.)
[debug] [2025-07-02T14:19:21.349Z] Error: Timed out.
    at Timeout._onTimeout (C:\Users\Janith Wijethunga\AppData\Roaming\npm\node_modules\firebase-tools\lib\utils.js:267:49)
    at listOnTimeout (node:internal/timers:588:17)
    at process.processTimers (node:internal/timers:523:7)
[error] 
[error] Error: An unexpected error has occurred.
[debug] [2025-07-02T14:20:00.353Z] ----------------------------------------------------------------------
[debug] [2025-07-02T14:20:00.355Z] Command:       C:\Program Files\nodejs\node.exe C:\Users\Janith Wijethunga\AppData\Roaming\npm\node_modules\firebase-tools\lib\bin\firebase.js init
[debug] [2025-07-02T14:20:00.355Z] CLI Version:   14.9.0
[debug] [2025-07-02T14:20:00.355Z] Platform:      win32
[debug] [2025-07-02T14:20:00.355Z] Node Version:  v22.17.0
[debug] [2025-07-02T14:20:00.355Z] Time:          Wed Jul 02 2025 19:50:00 GMT+0530 (India Standard Time)
[debug] [2025-07-02T14:20:00.355Z] ----------------------------------------------------------------------
[debug] 
[debug] [2025-07-02T14:20:00.500Z] > command requires scopes: ["email","openid","https://www.googleapis.com/auth/cloudplatformprojects.readonly","https://www.googleapis.com/auth/firebase","https://www.googleapis.com/auth/cloud-platform"]
[debug] [2025-07-02T14:20:00.500Z] > authorizing via signed-in user (janithwijethunga5@gmail.com)
[info] 
     ######## #### ########  ######## ########     ###     ######  ########
     ##        ##  ##     ## ##       ##     ##  ##   ##  ##       ##
     ######    ##  ########  ######   ########  #########  ######  ######
     ##        ##  ##    ##  ##       ##     ## ##     ##       ## ##
     ##       #### ##     ## ######## ########  ##     ##  ######  ########

You're about to initialize a Firebase project in this directory:

  C:\Users\Janith Wijethunga\Documents\GitHub\Portfolio

Before we get started, keep in mind:

  * You are initializing within an existing Firebase project directory

[info] 
=== Project Setup
[info] 
[info] First, let's associate this project directory with a Firebase project.
[info] You can create multiple project aliases by running firebase use --add, 
[info] but for now we'll just set up a default project.
[info] 
[debug] [2025-07-02T14:20:05.637Z] Using project from CLI flag: janith-wijethunga
[debug] [2025-07-02T14:20:05.639Z] Checked if tokens are valid: true, expires at: 1751468994362
[debug] [2025-07-02T14:20:05.639Z] Checked if tokens are valid: true, expires at: 1751468994362
[debug] [2025-07-02T14:20:05.640Z] >>> [apiv2][query] GET https://firebase.googleapis.com/v1beta1/projects/janith-wijethunga [none]
[debug] [2025-07-02T14:20:30.361Z] *** [apiv2] error from fetch(https://firebase.googleapis.com/v1beta1/projects/janith-wijethunga, {"headers":{},"method":"GET","signal":{}}): FetchError: request to https://firebase.googleapis.com/v1beta1/projects/janith-wijethunga failed, reason: read ECONNRESET
[debug] [2025-07-02T14:20:30.361Z] Failed to make request to https://firebase.googleapis.com/v1beta1/projects/janith-wijethunga (original: request to https://firebase.googleapis.com/v1beta1/projects/janith-wijethunga failed, reason: read ECONNRESET)
[debug] [2025-07-02T14:20:35.373Z] Error: Timed out.
    at Timeout._onTimeout (C:\Users\Janith Wijethunga\AppData\Roaming\npm\node_modules\firebase-tools\lib\utils.js:267:49)
    at listOnTimeout (node:internal/timers:588:17)
    at process.processTimers (node:internal/timers:523:7)
[error] 
[error] Error: An unexpected error has occurred.
[debug] [2025-07-02T14:20:41.733Z] ----------------------------------------------------------------------
[debug] [2025-07-02T14:20:41.739Z] Command:       C:\Program Files\nodejs\node.exe C:\Users\Janith Wijethunga\AppData\Roaming\npm\node_modules\firebase-tools\lib\bin\firebase.js init
[debug] [2025-07-02T14:20:41.739Z] CLI Version:   14.9.0
[debug] [2025-07-02T14:20:41.739Z] Platform:      win32
[debug] [2025-07-02T14:20:41.739Z] Node Version:  v22.17.0
[debug] [2025-07-02T14:20:41.740Z] Time:          Wed Jul 02 2025 19:50:41 GMT+0530 (India Standard Time)
[debug] [2025-07-02T14:20:41.740Z] ----------------------------------------------------------------------
[debug] 
[debug] [2025-07-02T14:20:41.883Z] > command requires scopes: ["email","openid","https://www.googleapis.com/auth/cloudplatformprojects.readonly","https://www.googleapis.com/auth/firebase","https://www.googleapis.com/auth/cloud-platform"]
[debug] [2025-07-02T14:20:41.883Z] > authorizing via signed-in user (janithwijethunga5@gmail.com)
[info] 
     ######## #### ########  ######## ########     ###     ######  ########
     ##        ##  ##     ## ##       ##     ##  ##   ##  ##       ##
     ######    ##  ########  ######   ########  #########  ######  ######
     ##        ##  ##    ##  ##       ##     ## ##     ##       ## ##
     ##       #### ##     ## ######## ########  ##     ##  ######  ########

You're about to initialize a Firebase project in this directory:

  C:\Users\Janith Wijethunga\Documents\GitHub\Portfolio

Before we get started, keep in mind:

  * You are initializing within an existing Firebase project directory

[info] 
=== Project Setup
[info] 
[info] First, let's associate this project directory with a Firebase project.
[info] You can create multiple project aliases by running firebase use --add, 
[info] but for now we'll just set up a default project.
[info] 
[debug] [2025-07-02T14:20:51.596Z] Using project from CLI flag: janith-wijethunga
[debug] [2025-07-02T14:20:51.596Z] Checked if tokens are valid: true, expires at: 1751468994362
[debug] [2025-07-02T14:20:51.596Z] Checked if tokens are valid: true, expires at: 1751468994362
[debug] [2025-07-02T14:20:51.597Z] >>> [apiv2][query] GET https://firebase.googleapis.com/v1beta1/projects/janith-wijethunga [none]
[debug] [2025-07-02T14:21:21.604Z] *** [apiv2] error from fetch(https://firebase.googleapis.com/v1beta1/projects/janith-wijethunga, {"headers":{},"method":"GET","signal":{}}): AbortError: The user aborted a request.
[debug] [2025-07-02T14:21:21.604Z] Timeout reached making request to https://firebase.googleapis.com/v1beta1/projects/janith-wijethunga (original: The user aborted a request.)
[debug] [2025-07-02T14:21:26.618Z] Error: Timed out.
    at Timeout._onTimeout (C:\Users\Janith Wijethunga\AppData\Roaming\npm\node_modules\firebase-tools\lib\utils.js:267:49)
    at listOnTimeout (node:internal/timers:588:17)
    at process.processTimers (node:internal/timers:523:7)
[error] 
[error] Error: An unexpected error has occurred.
